03-12-2023 06:50:34 AM INFO: Entry was not found. Returning None.
Query: sysparm_display_value=true&sysparm_input_display_value=true&number=INC0010a018
Endpoint: /api/now/table/task
03-12-2023 06:50:34 AM DEBUG: 
Stack (most recent call last):
  File "c:\Users\PCS\Documents\repos\snow_api\worker_driver.py", line 52, in <module>
    main()
  File "c:\Users\PCS\Documents\repos\snow_api\worker_driver.py", line 45, in main
    pprint(w.task.get_by_number("INC0010a018"))
  File "c:\Users\PCS\Documents\repos\snow_api\resources\workers.py", line 44, in get_by_number
    results: dict = self.single_req(
  File "c:\Users\PCS\Documents\repos\snow_api\resources\api_setup.py", line 172, in single_req
    res = self.req(
  File "c:\Users\PCS\Documents\repos\snow_api\resources\api_setup.py", line 155, in req
    return handle_strategy.handle(response)
  File "c:\Users\PCS\Documents\repos\snow_api\resources\RequestStrategies.py", line 33, in handle
    log1.debug('',stack_info=True)
03-12-2023 06:50:35 AM INFO: Entry was not found. Returning None.
Query: sysparm_display_value=true&sysparm_input_display_value=true&user_name=abel.tuater
Endpoint: /api/now/table/sys_user
03-12-2023 06:50:35 AM DEBUG: 
Stack (most recent call last):
  File "c:\Users\PCS\Documents\repos\snow_api\worker_driver.py", line 52, in <module>
    main()
  File "c:\Users\PCS\Documents\repos\snow_api\worker_driver.py", line 46, in main
    pprint(w.suser.get_user(sch.ByUserName(),'abel.tuater'))
  File "c:\Users\PCS\Documents\repos\snow_api\resources\workers.py", line 147, in get_user
    res: dict | list = self.req(
  File "c:\Users\PCS\Documents\repos\snow_api\resources\api_setup.py", line 155, in req
    return handle_strategy.handle(response)
  File "c:\Users\PCS\Documents\repos\snow_api\resources\RequestStrategies.py", line 33, in handle
    log1.debug('',stack_info=True)
